{
"contracts\\AstralCompatibility.sol":{"l":{"107":0,"108":0,"112":0,"113":0,"117":0,"118":0,"122":0,"123":0,"127":0,"128":0,"129":0,"130":0,"131":0,"134":0,"135":0,"136":0,"137":0,"148":0,"149":0,"151":0,"152":0,"153":0,"161":0,"163":0,"166":0,"167":0,"168":0,"169":0,"170":0,"174":0,"181":0,"182":0,"183":0,"190":0,"191":0,"192":0,"200":0,"201":0,"202":0,"219":0,"220":0,"221":0,"222":0,"225":0,"226":0,"227":0,"229":0,"238":0,"239":0,"240":0,"241":0,"242":0,"243":0,"245":0,"257":0,"259":0,"260":0,"263":0,"265":0,"274":0,"275":0,"276":0,"279":0,"280":0,"281":0,"283":0,"294":0,"295":0,"298":0,"301":0,"302":0,"305":0,"306":0,"309":0,"310":0,"313":0,"314":0,"315":0,"318":0,"319":0,"320":0,"322":0,"332":0,"333":0,"334":0,"335":0,"338":0,"340":0,"350":0,"352":0,"360":0,"372":0,"374":0,"392":0,"393":0,"394":0,"396":0,"398":0,"408":0,"416":0,"424":0,"432":0,"444":0,"445":0,"447":0,"459":0,"460":0,"477":0,"478":0,"495":0,"506":0,"508":0,"514":0,"515":0,"517":0,"528":0,"529":0,"530":0,"532":0,"535":0,"536":0,"537":0,"538":0,"541":0,"542":0,"543":0,"544":0,"545":0,"546":0,"555":0,"562":0,"563":0,"576":0,"577":0},"path":"D:\\zamadapp\\dapp120\\fheAstralCompatibility-main\\FHEAstralCompatibility-main\\contracts\\AstralCompatibility.sol","s":{"1":0,"2":0,"3":0,"4":0,"5":0,"6":0,"7":0,"8":0,"9":0,"10":0,"11":0,"12":0,"13":0,"14":0,"15":0,"16":0,"17":0,"18":0,"19":0,"20":0,"21":0,"22":0,"23":0,"24":0,"25":0,"26":0,"27":0,"28":0,"29":0,"30":0,"31":0,"32":0,"33":0,"34":0,"35":0,"36":0,"37":0,"38":0,"39":0,"40":0,"41":0,"42":0,"43":0,"44":0,"45":0,"46":0,"47":0,"48":0,"49":0,"50":0,"51":0,"52":0,"53":0,"54":0,"55":0,"56":0,"57":0,"58":0,"59":0,"60":0,"61":0,"62":0,"63":0,"64":0,"65":0,"66":0,"67":0,"68":0,"69":0,"70":0,"71":0,"72":0,"73":0,"74":0,"75":0,"76":0,"77":0,"78":0,"79":0,"80":0,"81":0,"82":0,"83":0,"84":0,"85":0,"86":0,"87":0,"88":0,"89":0,"90":0,"91":0,"92":0,"93":0,"94":0,"95":0,"96":0,"97":0,"98":0,"99":0,"100":0,"101":0,"102":0},"b":{"1":[0,0],"2":[0,0],"3":[0,0],"4":[0,0],"5":[0,0],"6":[0,0],"7":[0,0],"8":[0,0],"9":[0,0],"10":[0,0],"11":[0,0],"12":[0,0],"13":[0,0],"14":[0,0],"15":[0,0],"16":[0,0],"17":[0,0],"18":[0,0],"19":[0,0],"20":[0,0],"21":[0,0],"22":[0,0],"23":[0,0],"24":[0,0],"25":[0,0],"26":[0,0],"27":[0,0],"28":[0,0],"29":[0,0],"30":[0,0],"31":[0,0],"32":[0,0],"33":[0,0],"34":[0,0],"35":[0,0],"36":[0,0],"37":[0,0],"38":[0,0],"39":[0,0],"40":[0,0],"41":[0,0],"42":[0,0]},"f":{"1":0,"2":0,"3":0,"4":0,"5":0,"6":0,"7":0,"8":0,"9":0,"10":0,"11":0,"12":0,"13":0,"14":0,"15":0,"16":0,"17":0,"18":0,"19":0,"20":0,"21":0,"22":0,"23":0,"24":0,"25":0,"26":0,"27":0,"28":0,"29":0},"fnMap":{"1":{"name":"onlyOwner","line":106,"loc":{"start":{"line":106,"column":4},"end":{"line":109,"column":4}}},"2":{"name":"hasProfile","line":111,"loc":{"start":{"line":111,"column":4},"end":{"line":114,"column":4}}},"3":{"name":"onlyPauser","line":116,"loc":{"start":{"line":116,"column":4},"end":{"line":119,"column":4}}},"4":{"name":"whenNotPaused","line":121,"loc":{"start":{"line":121,"column":4},"end":{"line":124,"column":4}}},"5":{"name":"constructor","line":126,"loc":{"start":{"line":126,"column":4},"end":{"line":139,"column":4}}},"6":{"name":"addPauser","line":147,"loc":{"start":{"line":147,"column":4},"end":{"line":154,"column":4}}},"7":{"name":"removePauser","line":160,"loc":{"start":{"line":160,"column":4},"end":{"line":175,"column":4}}},"8":{"name":"pause","line":180,"loc":{"start":{"line":180,"column":4},"end":{"line":184,"column":4}}},"9":{"name":"unpause","line":189,"loc":{"start":{"line":189,"column":4},"end":{"line":193,"column":4}}},"10":{"name":"updateKmsGeneration","line":199,"loc":{"start":{"line":199,"column":4},"end":{"line":203,"column":4}}},"11":{"name":"createProfile","line":218,"loc":{"start":{"line":214,"column":4},"end":{"line":246,"column":4}}},"12":{"name":"requestCompatibilityMatch","line":255,"loc":{"start":{"line":252,"column":4},"end":{"line":284,"column":4}}},"13":{"name":"calculateCompatibility","line":290,"loc":{"start":{"line":290,"column":4},"end":{"line":323,"column":4}}},"14":{"name":"revealCompatibilityScore","line":331,"loc":{"start":{"line":331,"column":4},"end":{"line":361,"column":4}}},"15":{"name":"submitDecryptionResponse","line":367,"loc":{"start":{"line":367,"column":4},"end":{"line":381,"column":4}}},"16":{"name":"processScoreReveal","line":391,"loc":{"start":{"line":388,"column":4},"end":{"line":399,"column":4}}},"17":{"name":"isPublicDecryptAllowed","line":407,"loc":{"start":{"line":407,"column":4},"end":{"line":409,"column":4}}},"18":{"name":"isPauser","line":415,"loc":{"start":{"line":415,"column":4},"end":{"line":417,"column":4}}},"19":{"name":"isContractPaused","line":423,"loc":{"start":{"line":423,"column":4},"end":{"line":425,"column":4}}},"20":{"name":"isMatchValid","line":431,"loc":{"start":{"line":431,"column":4},"end":{"line":433,"column":4}}},"21":{"name":"generateMatchId","line":438,"loc":{"start":{"line":438,"column":4},"end":{"line":449,"column":4}}},"22":{"name":"getUserProfileStatus","line":454,"loc":{"start":{"line":454,"column":4},"end":{"line":461,"column":4}}},"23":{"name":"getMatchInfo","line":466,"loc":{"start":{"line":466,"column":4},"end":{"line":485,"column":4}}},"24":{"name":"getUserStats","line":490,"loc":{"start":{"line":490,"column":4},"end":{"line":496,"column":4}}},"25":{"name":"getZodiacInfo","line":501,"loc":{"start":{"line":501,"column":4},"end":{"line":518,"column":4}}},"26":{"name":"updateProfile","line":527,"loc":{"start":{"line":523,"column":4},"end":{"line":547,"column":4}}},"27":{"name":"getPauserCount","line":554,"loc":{"start":{"line":554,"column":4},"end":{"line":556,"column":4}}},"28":{"name":"getPauserAtIndex","line":561,"loc":{"start":{"line":561,"column":4},"end":{"line":564,"column":4}}},"29":{"name":"getDecryptionRequestInfo","line":569,"loc":{"start":{"line":569,"column":4},"end":{"line":584,"column":4}}}},"statementMap":{"1":{"start":{"line":107,"column":8},"end":{"line":107,"column":53}},"2":{"start":{"line":112,"column":8},"end":{"line":112,"column":68}},"3":{"start":{"line":117,"column":8},"end":{"line":117,"column":59}},"4":{"start":{"line":122,"column":8},"end":{"line":122,"column":47}},"5":{"start":{"line":134,"column":8},"end":{"line":134,"column":4345}},"6":{"start":{"line":135,"column":12},"end":{"line":135,"column":52}},"7":{"start":{"line":137,"column":12},"end":{"line":137,"column":66}},"8":{"start":{"line":148,"column":8},"end":{"line":148,"column":63}},"9":{"start":{"line":149,"column":8},"end":{"line":149,"column":61}},"10":{"start":{"line":151,"column":8},"end":{"line":151,"column":36}},"11":{"start":{"line":153,"column":8},"end":{"line":153,"column":50}},"12":{"start":{"line":161,"column":8},"end":{"line":161,"column":56}},"13":{"start":{"line":166,"column":8},"end":{"line":166,"column":5469}},"14":{"start":{"line":167,"column":12},"end":{"line":167,"column":5541}},"15":{"start":{"line":169,"column":16},"end":{"line":169,"column":36}},"16":{"start":{"line":174,"column":8},"end":{"line":174,"column":52}},"17":{"start":{"line":181,"column":8},"end":{"line":181,"column":43}},"18":{"start":{"line":183,"column":8},"end":{"line":183,"column":56}},"19":{"start":{"line":190,"column":8},"end":{"line":190,"column":38}},"20":{"start":{"line":192,"column":8},"end":{"line":192,"column":58}},"21":{"start":{"line":200,"column":8},"end":{"line":200,"column":45}},"22":{"start":{"line":202,"column":8},"end":{"line":202,"column":64}},"23":{"start":{"line":219,"column":8},"end":{"line":219,"column":46}},"24":{"start":{"line":220,"column":8},"end":{"line":220,"column":47}},"25":{"start":{"line":221,"column":8},"end":{"line":221,"column":47}},"26":{"start":{"line":222,"column":8},"end":{"line":222,"column":78}},"27":{"start":{"line":225,"column":8},"end":{"line":225,"column":48}},"28":{"start":{"line":226,"column":8},"end":{"line":226,"column":50}},"29":{"start":{"line":227,"column":8},"end":{"line":227,"column":50}},"30":{"start":{"line":238,"column":8},"end":{"line":238,"column":31}},"31":{"start":{"line":239,"column":8},"end":{"line":239,"column":32}},"32":{"start":{"line":240,"column":8},"end":{"line":240,"column":32}},"33":{"start":{"line":241,"column":8},"end":{"line":241,"column":39}},"34":{"start":{"line":242,"column":8},"end":{"line":242,"column":40}},"35":{"start":{"line":243,"column":8},"end":{"line":243,"column":40}},"36":{"start":{"line":245,"column":8},"end":{"line":245,"column":39}},"37":{"start":{"line":257,"column":8},"end":{"line":257,"column":68}},"38":{"start":{"line":259,"column":8},"end":{"line":259,"column":63}},"39":{"start":{"line":260,"column":8},"end":{"line":260,"column":76}},"40":{"start":{"line":263,"column":8},"end":{"line":263,"column":80}},"41":{"start":{"line":279,"column":8},"end":{"line":279,"column":40}},"42":{"start":{"line":280,"column":8},"end":{"line":280,"column":48}},"43":{"start":{"line":281,"column":8},"end":{"line":281,"column":46}},"44":{"start":{"line":283,"column":8},"end":{"line":283,"column":58}},"45":{"start":{"line":294,"column":8},"end":{"line":294,"column":59}},"46":{"start":{"line":295,"column":8},"end":{"line":295,"column":59}},"47":{"start":{"line":298,"column":8},"end":{"line":298,"column":43}},"48":{"start":{"line":301,"column":8},"end":{"line":301,"column":88}},"49":{"start":{"line":302,"column":8},"end":{"line":302,"column":88}},"50":{"start":{"line":305,"column":8},"end":{"line":305,"column":88}},"51":{"start":{"line":306,"column":8},"end":{"line":306,"column":88}},"52":{"start":{"line":309,"column":8},"end":{"line":309,"column":85}},"53":{"start":{"line":310,"column":8},"end":{"line":310,"column":88}},"54":{"start":{"line":313,"column":8},"end":{"line":313,"column":60}},"55":{"start":{"line":318,"column":8},"end":{"line":318,"column":46}},"56":{"start":{"line":319,"column":8},"end":{"line":319,"column":68}},"57":{"start":{"line":322,"column":8},"end":{"line":322,"column":25}},"58":{"start":{"line":332,"column":8},"end":{"line":332,"column":64}},"59":{"start":{"line":333,"column":8},"end":{"line":333,"column":69}},"60":{"start":{"line":334,"column":8},"end":{"line":334,"column":96}},"61":{"start":{"line":335,"column":8},"end":{"line":335,"column":63}},"62":{"start":{"line":338,"column":8},"end":{"line":338,"column":54}},"63":{"start":{"line":352,"column":8},"end":{"line":352,"column":12256}},"64":{"start":{"line":360,"column":8},"end":{"line":360,"column":24}},"65":{"start":{"line":372,"column":8},"end":{"line":372,"column":89}},"66":{"start":{"line":374,"column":8},"end":{"line":374,"column":12872}},"67":{"start":{"line":392,"column":8},"end":{"line":392,"column":63}},"68":{"start":{"line":393,"column":8},"end":{"line":393,"column":69}},"69":{"start":{"line":394,"column":8},"end":{"line":394,"column":60}},"70":{"start":{"line":398,"column":8},"end":{"line":398,"column":59}},"71":{"start":{"line":408,"column":8},"end":{"line":408,"column":24}},"72":{"start":{"line":416,"column":8},"end":{"line":416,"column":40}},"73":{"start":{"line":424,"column":8},"end":{"line":424,"column":23}},"74":{"start":{"line":432,"column":8},"end":{"line":432,"column":52}},"75":{"start":{"line":444,"column":8},"end":{"line":444,"column":15007}},"76":{"start":{"line":445,"column":12},"end":{"line":445,"column":62}},"77":{"start":{"line":447,"column":12},"end":{"line":447,"column":62}},"78":{"start":{"line":459,"column":8},"end":{"line":459,"column":57}},"79":{"start":{"line":460,"column":8},"end":{"line":460,"column":54}},"80":{"start":{"line":477,"column":8},"end":{"line":477,"column":64}},"81":{"start":{"line":478,"column":8},"end":{"line":478,"column":15924}},"82":{"start":{"line":495,"column":8},"end":{"line":495,"column":36}},"83":{"start":{"line":506,"column":8},"end":{"line":506,"column":46}},"84":{"start":{"line":508,"column":8},"end":{"line":508,"column":16624}},"85":{"start":{"line":514,"column":8},"end":{"line":514,"column":72}},"86":{"start":{"line":515,"column":8},"end":{"line":515,"column":73}},"87":{"start":{"line":517,"column":8},"end":{"line":517,"column":76}},"88":{"start":{"line":528,"column":8},"end":{"line":528,"column":46}},"89":{"start":{"line":529,"column":8},"end":{"line":529,"column":47}},"90":{"start":{"line":530,"column":8},"end":{"line":530,"column":47}},"91":{"start":{"line":532,"column":8},"end":{"line":532,"column":62}},"92":{"start":{"line":541,"column":8},"end":{"line":541,"column":45}},"93":{"start":{"line":542,"column":8},"end":{"line":542,"column":46}},"94":{"start":{"line":543,"column":8},"end":{"line":543,"column":46}},"95":{"start":{"line":544,"column":8},"end":{"line":544,"column":53}},"96":{"start":{"line":545,"column":8},"end":{"line":545,"column":54}},"97":{"start":{"line":546,"column":8},"end":{"line":546,"column":54}},"98":{"start":{"line":555,"column":8},"end":{"line":555,"column":37}},"99":{"start":{"line":562,"column":8},"end":{"line":562,"column":70}},"100":{"start":{"line":563,"column":8},"end":{"line":563,"column":38}},"101":{"start":{"line":576,"column":8},"end":{"line":576,"column":74}},"102":{"start":{"line":577,"column":8},"end":{"line":577,"column":19022}}},"branchMap":{"1":{"line":107,"type":"if","locations":[{"start":{"line":107,"column":8},"end":{"line":107,"column":8}},{"start":{"line":107,"column":8},"end":{"line":107,"column":8}}]},"2":{"line":112,"type":"if","locations":[{"start":{"line":112,"column":8},"end":{"line":112,"column":8}},{"start":{"line":112,"column":8},"end":{"line":112,"column":8}}]},"3":{"line":117,"type":"if","locations":[{"start":{"line":117,"column":8},"end":{"line":117,"column":8}},{"start":{"line":117,"column":8},"end":{"line":117,"column":8}}]},"4":{"line":122,"type":"if","locations":[{"start":{"line":122,"column":8},"end":{"line":122,"column":8}},{"start":{"line":122,"column":8},"end":{"line":122,"column":8}}]},"5":{"line":147,"type":"if","locations":[{"start":{"line":147,"column":49},"end":{"line":147,"column":49}},{"start":{"line":147,"column":49},"end":{"line":147,"column":49}}]},"6":{"line":148,"type":"if","locations":[{"start":{"line":148,"column":8},"end":{"line":148,"column":8}},{"start":{"line":148,"column":8},"end":{"line":148,"column":8}}]},"7":{"line":149,"type":"if","locations":[{"start":{"line":149,"column":8},"end":{"line":149,"column":8}},{"start":{"line":149,"column":8},"end":{"line":149,"column":8}}]},"8":{"line":160,"type":"if","locations":[{"start":{"line":160,"column":52},"end":{"line":160,"column":52}},{"start":{"line":160,"column":52},"end":{"line":160,"column":52}}]},"9":{"line":161,"type":"if","locations":[{"start":{"line":161,"column":8},"end":{"line":161,"column":8}},{"start":{"line":161,"column":8},"end":{"line":161,"column":8}}]},"10":{"line":167,"type":"if","locations":[{"start":{"line":167,"column":12},"end":{"line":167,"column":12}},{"start":{"line":167,"column":12},"end":{"line":167,"column":12}}]},"11":{"line":180,"type":"if","locations":[{"start":{"line":180,"column":30},"end":{"line":180,"column":30}},{"start":{"line":180,"column":30},"end":{"line":180,"column":30}}]},"12":{"line":181,"type":"if","locations":[{"start":{"line":181,"column":8},"end":{"line":181,"column":8}},{"start":{"line":181,"column":8},"end":{"line":181,"column":8}}]},"13":{"line":189,"type":"if","locations":[{"start":{"line":189,"column":32},"end":{"line":189,"column":32}},{"start":{"line":189,"column":32},"end":{"line":189,"column":32}}]},"14":{"line":190,"type":"if","locations":[{"start":{"line":190,"column":8},"end":{"line":190,"column":8}},{"start":{"line":190,"column":8},"end":{"line":190,"column":8}}]},"15":{"line":199,"type":"if","locations":[{"start":{"line":199,"column":66},"end":{"line":199,"column":66}},{"start":{"line":199,"column":66},"end":{"line":199,"column":66}}]},"16":{"line":218,"type":"if","locations":[{"start":{"line":218,"column":15},"end":{"line":218,"column":15}},{"start":{"line":218,"column":15},"end":{"line":218,"column":15}}]},"17":{"line":219,"type":"if","locations":[{"start":{"line":219,"column":8},"end":{"line":219,"column":8}},{"start":{"line":219,"column":8},"end":{"line":219,"column":8}}]},"18":{"line":220,"type":"if","locations":[{"start":{"line":220,"column":8},"end":{"line":220,"column":8}},{"start":{"line":220,"column":8},"end":{"line":220,"column":8}}]},"19":{"line":221,"type":"if","locations":[{"start":{"line":221,"column":8},"end":{"line":221,"column":8}},{"start":{"line":221,"column":8},"end":{"line":221,"column":8}}]},"20":{"line":222,"type":"if","locations":[{"start":{"line":222,"column":8},"end":{"line":222,"column":8}},{"start":{"line":222,"column":8},"end":{"line":222,"column":8}}]},"21":{"line":253,"type":"if","locations":[{"start":{"line":253,"column":8},"end":{"line":253,"column":8}},{"start":{"line":253,"column":8},"end":{"line":253,"column":8}}]},"22":{"line":254,"type":"if","locations":[{"start":{"line":254,"column":8},"end":{"line":254,"column":8}},{"start":{"line":254,"column":8},"end":{"line":254,"column":8}}]},"23":{"line":255,"type":"if","locations":[{"start":{"line":255,"column":8},"end":{"line":255,"column":8}},{"start":{"line":255,"column":8},"end":{"line":255,"column":8}}]},"24":{"line":257,"type":"if","locations":[{"start":{"line":257,"column":8},"end":{"line":257,"column":8}},{"start":{"line":257,"column":8},"end":{"line":257,"column":8}}]},"25":{"line":260,"type":"if","locations":[{"start":{"line":260,"column":8},"end":{"line":260,"column":8}},{"start":{"line":260,"column":8},"end":{"line":260,"column":8}}]},"26":{"line":331,"type":"if","locations":[{"start":{"line":331,"column":65},"end":{"line":331,"column":65}},{"start":{"line":331,"column":65},"end":{"line":331,"column":65}}]},"27":{"line":333,"type":"if","locations":[{"start":{"line":333,"column":8},"end":{"line":333,"column":8}},{"start":{"line":333,"column":8},"end":{"line":333,"column":8}}]},"28":{"line":334,"type":"if","locations":[{"start":{"line":334,"column":8},"end":{"line":334,"column":8}},{"start":{"line":334,"column":8},"end":{"line":334,"column":8}}]},"29":{"line":334,"type":"cond-expr","locations":[{"start":{"line":334,"column":16},"end":{"line":334,"column":44}},{"start":{"line":334,"column":49},"end":{"line":334,"column":77}}]},"30":{"line":335,"type":"if","locations":[{"start":{"line":335,"column":8},"end":{"line":335,"column":8}},{"start":{"line":335,"column":8},"end":{"line":335,"column":8}}]},"31":{"line":372,"type":"if","locations":[{"start":{"line":372,"column":8},"end":{"line":372,"column":8}},{"start":{"line":372,"column":8},"end":{"line":372,"column":8}}]},"32":{"line":391,"type":"if","locations":[{"start":{"line":391,"column":15},"end":{"line":391,"column":15}},{"start":{"line":391,"column":15},"end":{"line":391,"column":15}}]},"33":{"line":393,"type":"if","locations":[{"start":{"line":393,"column":8},"end":{"line":393,"column":8}},{"start":{"line":393,"column":8},"end":{"line":393,"column":8}}]},"34":{"line":394,"type":"if","locations":[{"start":{"line":394,"column":8},"end":{"line":394,"column":8}},{"start":{"line":394,"column":8},"end":{"line":394,"column":8}}]},"35":{"line":444,"type":"if","locations":[{"start":{"line":444,"column":8},"end":{"line":444,"column":8}},{"start":{"line":444,"column":8},"end":{"line":444,"column":8}}]},"36":{"line":506,"type":"if","locations":[{"start":{"line":506,"column":8},"end":{"line":506,"column":8}},{"start":{"line":506,"column":8},"end":{"line":506,"column":8}}]},"37":{"line":527,"type":"if","locations":[{"start":{"line":527,"column":15},"end":{"line":527,"column":15}},{"start":{"line":527,"column":15},"end":{"line":527,"column":15}}]},"38":{"line":527,"type":"if","locations":[{"start":{"line":527,"column":29},"end":{"line":527,"column":29}},{"start":{"line":527,"column":29},"end":{"line":527,"column":29}}]},"39":{"line":528,"type":"if","locations":[{"start":{"line":528,"column":8},"end":{"line":528,"column":8}},{"start":{"line":528,"column":8},"end":{"line":528,"column":8}}]},"40":{"line":529,"type":"if","locations":[{"start":{"line":529,"column":8},"end":{"line":529,"column":8}},{"start":{"line":529,"column":8},"end":{"line":529,"column":8}}]},"41":{"line":530,"type":"if","locations":[{"start":{"line":530,"column":8},"end":{"line":530,"column":8}},{"start":{"line":530,"column":8},"end":{"line":530,"column":8}}]},"42":{"line":562,"type":"if","locations":[{"start":{"line":562,"column":8},"end":{"line":562,"column":8}},{"start":{"line":562,"column":8},"end":{"line":562,"column":8}}]}}},
"contracts\\AstralCompatibilityMock.sol":{"l":{"56":0,"57":0,"61":57,"62":53,"66":36,"67":36,"81":72,"82":71,"83":70,"84":69,"86":68,"94":68,"105":25,"107":24,"108":24,"111":24,"113":24,"122":24,"123":24,"124":24,"126":24,"138":24,"139":24,"142":24,"145":24,"146":16,"150":24,"151":2,"155":24,"156":0,"160":24,"166":24,"167":24,"170":24,"172":24,"180":2,"181":2,"182":1,"183":0,"186":0,"187":0,"189":0,"201":0,"202":0,"203":0,"205":0,"207":0,"219":24,"220":5,"222":19,"234":1,"235":1,"252":0,"253":0,"270":0,"281":1,"283":1,"289":1,"290":1,"292":1,"303":0,"304":0,"305":0,"307":0,"310":0,"311":0,"312":0,"313":0},"path":"D:\\zamadapp\\dapp120\\fheAstralCompatibility-main\\FHEAstralCompatibility-main\\contracts\\AstralCompatibilityMock.sol","s":{"1":0,"2":57,"3":72,"4":71,"5":70,"6":69,"7":68,"8":25,"9":24,"10":24,"11":24,"12":24,"13":24,"14":24,"15":24,"16":24,"17":24,"18":24,"19":24,"20":24,"21":24,"22":24,"23":2,"24":2,"25":1,"26":0,"27":0,"28":0,"29":0,"30":0,"31":0,"32":24,"33":5,"34":19,"35":1,"36":1,"37":0,"38":0,"39":0,"40":1,"41":1,"42":1,"43":1,"44":1,"45":0,"46":0,"47":0,"48":0},"b":{"1":[0,0],"2":[53,4],"3":[71,1],"4":[70,1],"5":[69,1],"6":[68,1],"7":[28,1],"8":[25,3],"9":[24,1],"10":[24,0],"11":[16,8],"12":[2,22],"13":[0,24],"14":[0,24],"15":[1,1],"16":[0,1],"17":[0,0],"18":[0,0],"19":[0,0],"20":[0,0],"21":[0,0],"22":[5,19],"23":[1,0],"24":[0,0],"25":[0,0],"26":[0,0],"27":[0,0]},"f":{"1":0,"2":57,"3":36,"4":72,"5":25,"6":24,"7":2,"8":0,"9":24,"10":1,"11":0,"12":0,"13":1,"14":0},"fnMap":{"1":{"name":"onlyOwner","line":55,"loc":{"start":{"line":55,"column":4},"end":{"line":58,"column":4}}},"2":{"name":"hasProfile","line":60,"loc":{"start":{"line":60,"column":4},"end":{"line":63,"column":4}}},"3":{"name":"constructor","line":65,"loc":{"start":{"line":65,"column":4},"end":{"line":68,"column":4}}},"4":{"name":"createProfile","line":76,"loc":{"start":{"line":76,"column":4},"end":{"line":95,"column":4}}},"5":{"name":"requestCompatibilityMatch","line":103,"loc":{"start":{"line":101,"column":4},"end":{"line":127,"column":4}}},"6":{"name":"calculateCompatibility","line":133,"loc":{"start":{"line":133,"column":4},"end":{"line":173,"column":4}}},"7":{"name":"revealCompatibilityScore","line":179,"loc":{"start":{"line":179,"column":4},"end":{"line":190,"column":4}}},"8":{"name":"processScoreReveal","line":200,"loc":{"start":{"line":197,"column":4},"end":{"line":208,"column":4}}},"9":{"name":"generateMatchId","line":213,"loc":{"start":{"line":213,"column":4},"end":{"line":224,"column":4}}},"10":{"name":"getUserProfileStatus","line":229,"loc":{"start":{"line":229,"column":4},"end":{"line":236,"column":4}}},"11":{"name":"getMatchInfo","line":241,"loc":{"start":{"line":241,"column":4},"end":{"line":260,"column":4}}},"12":{"name":"getUserStats","line":265,"loc":{"start":{"line":265,"column":4},"end":{"line":271,"column":4}}},"13":{"name":"getZodiacInfo","line":276,"loc":{"start":{"line":276,"column":4},"end":{"line":293,"column":4}}},"14":{"name":"updateProfile","line":302,"loc":{"start":{"line":298,"column":4},"end":{"line":314,"column":4}}}},"statementMap":{"1":{"start":{"line":56,"column":8},"end":{"line":56,"column":53}},"2":{"start":{"line":61,"column":8},"end":{"line":61,"column":68}},"3":{"start":{"line":81,"column":8},"end":{"line":81,"column":46}},"4":{"start":{"line":82,"column":8},"end":{"line":82,"column":47}},"5":{"start":{"line":83,"column":8},"end":{"line":83,"column":47}},"6":{"start":{"line":84,"column":8},"end":{"line":84,"column":78}},"7":{"start":{"line":94,"column":8},"end":{"line":94,"column":39}},"8":{"start":{"line":105,"column":8},"end":{"line":105,"column":68}},"9":{"start":{"line":107,"column":8},"end":{"line":107,"column":63}},"10":{"start":{"line":108,"column":8},"end":{"line":108,"column":76}},"11":{"start":{"line":111,"column":8},"end":{"line":111,"column":79}},"12":{"start":{"line":126,"column":8},"end":{"line":126,"column":58}},"13":{"start":{"line":138,"column":8},"end":{"line":138,"column":59}},"14":{"start":{"line":139,"column":8},"end":{"line":139,"column":59}},"15":{"start":{"line":142,"column":8},"end":{"line":142,"column":24}},"16":{"start":{"line":145,"column":8},"end":{"line":145,"column":4511}},"17":{"start":{"line":150,"column":8},"end":{"line":150,"column":4656}},"18":{"start":{"line":155,"column":8},"end":{"line":155,"column":4793}},"19":{"start":{"line":160,"column":8},"end":{"line":160,"column":4929}},"20":{"start":{"line":166,"column":8},"end":{"line":166,"column":50}},"21":{"start":{"line":170,"column":8},"end":{"line":170,"column":36}},"22":{"start":{"line":172,"column":8},"end":{"line":172,"column":20}},"23":{"start":{"line":180,"column":8},"end":{"line":180,"column":64}},"24":{"start":{"line":181,"column":8},"end":{"line":181,"column":69}},"25":{"start":{"line":182,"column":8},"end":{"line":182,"column":96}},"26":{"start":{"line":183,"column":8},"end":{"line":183,"column":63}},"27":{"start":{"line":189,"column":8},"end":{"line":189,"column":74}},"28":{"start":{"line":201,"column":8},"end":{"line":201,"column":63}},"29":{"start":{"line":202,"column":8},"end":{"line":202,"column":69}},"30":{"start":{"line":203,"column":8},"end":{"line":203,"column":60}},"31":{"start":{"line":207,"column":8},"end":{"line":207,"column":59}},"32":{"start":{"line":219,"column":8},"end":{"line":219,"column":6950}},"33":{"start":{"line":220,"column":12},"end":{"line":220,"column":62}},"34":{"start":{"line":222,"column":12},"end":{"line":222,"column":62}},"35":{"start":{"line":234,"column":8},"end":{"line":234,"column":57}},"36":{"start":{"line":235,"column":8},"end":{"line":235,"column":54}},"37":{"start":{"line":252,"column":8},"end":{"line":252,"column":64}},"38":{"start":{"line":253,"column":8},"end":{"line":253,"column":7864}},"39":{"start":{"line":270,"column":8},"end":{"line":270,"column":36}},"40":{"start":{"line":281,"column":8},"end":{"line":281,"column":46}},"41":{"start":{"line":283,"column":8},"end":{"line":283,"column":8564}},"42":{"start":{"line":289,"column":8},"end":{"line":289,"column":72}},"43":{"start":{"line":290,"column":8},"end":{"line":290,"column":73}},"44":{"start":{"line":292,"column":8},"end":{"line":292,"column":76}},"45":{"start":{"line":303,"column":8},"end":{"line":303,"column":46}},"46":{"start":{"line":304,"column":8},"end":{"line":304,"column":47}},"47":{"start":{"line":305,"column":8},"end":{"line":305,"column":47}},"48":{"start":{"line":307,"column":8},"end":{"line":307,"column":62}}},"branchMap":{"1":{"line":56,"type":"if","locations":[{"start":{"line":56,"column":8},"end":{"line":56,"column":8}},{"start":{"line":56,"column":8},"end":{"line":56,"column":8}}]},"2":{"line":61,"type":"if","locations":[{"start":{"line":61,"column":8},"end":{"line":61,"column":8}},{"start":{"line":61,"column":8},"end":{"line":61,"column":8}}]},"3":{"line":81,"type":"if","locations":[{"start":{"line":81,"column":8},"end":{"line":81,"column":8}},{"start":{"line":81,"column":8},"end":{"line":81,"column":8}}]},"4":{"line":82,"type":"if","locations":[{"start":{"line":82,"column":8},"end":{"line":82,"column":8}},{"start":{"line":82,"column":8},"end":{"line":82,"column":8}}]},"5":{"line":83,"type":"if","locations":[{"start":{"line":83,"column":8},"end":{"line":83,"column":8}},{"start":{"line":83,"column":8},"end":{"line":83,"column":8}}]},"6":{"line":84,"type":"if","locations":[{"start":{"line":84,"column":8},"end":{"line":84,"column":8}},{"start":{"line":84,"column":8},"end":{"line":84,"column":8}}]},"7":{"line":102,"type":"if","locations":[{"start":{"line":102,"column":8},"end":{"line":102,"column":8}},{"start":{"line":102,"column":8},"end":{"line":102,"column":8}}]},"8":{"line":103,"type":"if","locations":[{"start":{"line":103,"column":8},"end":{"line":103,"column":8}},{"start":{"line":103,"column":8},"end":{"line":103,"column":8}}]},"9":{"line":105,"type":"if","locations":[{"start":{"line":105,"column":8},"end":{"line":105,"column":8}},{"start":{"line":105,"column":8},"end":{"line":105,"column":8}}]},"10":{"line":108,"type":"if","locations":[{"start":{"line":108,"column":8},"end":{"line":108,"column":8}},{"start":{"line":108,"column":8},"end":{"line":108,"column":8}}]},"11":{"line":145,"type":"if","locations":[{"start":{"line":145,"column":8},"end":{"line":145,"column":8}},{"start":{"line":145,"column":8},"end":{"line":145,"column":8}}]},"12":{"line":150,"type":"if","locations":[{"start":{"line":150,"column":8},"end":{"line":150,"column":8}},{"start":{"line":150,"column":8},"end":{"line":150,"column":8}}]},"13":{"line":155,"type":"if","locations":[{"start":{"line":155,"column":8},"end":{"line":155,"column":8}},{"start":{"line":155,"column":8},"end":{"line":155,"column":8}}]},"14":{"line":170,"type":"if","locations":[{"start":{"line":170,"column":8},"end":{"line":170,"column":8}},{"start":{"line":170,"column":8},"end":{"line":170,"column":8}}]},"15":{"line":181,"type":"if","locations":[{"start":{"line":181,"column":8},"end":{"line":181,"column":8}},{"start":{"line":181,"column":8},"end":{"line":181,"column":8}}]},"16":{"line":182,"type":"if","locations":[{"start":{"line":182,"column":8},"end":{"line":182,"column":8}},{"start":{"line":182,"column":8},"end":{"line":182,"column":8}}]},"17":{"line":182,"type":"cond-expr","locations":[{"start":{"line":182,"column":16},"end":{"line":182,"column":44}},{"start":{"line":182,"column":49},"end":{"line":182,"column":77}}]},"18":{"line":183,"type":"if","locations":[{"start":{"line":183,"column":8},"end":{"line":183,"column":8}},{"start":{"line":183,"column":8},"end":{"line":183,"column":8}}]},"19":{"line":200,"type":"if","locations":[{"start":{"line":200,"column":15},"end":{"line":200,"column":15}},{"start":{"line":200,"column":15},"end":{"line":200,"column":15}}]},"20":{"line":202,"type":"if","locations":[{"start":{"line":202,"column":8},"end":{"line":202,"column":8}},{"start":{"line":202,"column":8},"end":{"line":202,"column":8}}]},"21":{"line":203,"type":"if","locations":[{"start":{"line":203,"column":8},"end":{"line":203,"column":8}},{"start":{"line":203,"column":8},"end":{"line":203,"column":8}}]},"22":{"line":219,"type":"if","locations":[{"start":{"line":219,"column":8},"end":{"line":219,"column":8}},{"start":{"line":219,"column":8},"end":{"line":219,"column":8}}]},"23":{"line":281,"type":"if","locations":[{"start":{"line":281,"column":8},"end":{"line":281,"column":8}},{"start":{"line":281,"column":8},"end":{"line":281,"column":8}}]},"24":{"line":302,"type":"if","locations":[{"start":{"line":302,"column":15},"end":{"line":302,"column":15}},{"start":{"line":302,"column":15},"end":{"line":302,"column":15}}]},"25":{"line":303,"type":"if","locations":[{"start":{"line":303,"column":8},"end":{"line":303,"column":8}},{"start":{"line":303,"column":8},"end":{"line":303,"column":8}}]},"26":{"line":304,"type":"if","locations":[{"start":{"line":304,"column":8},"end":{"line":304,"column":8}},{"start":{"line":304,"column":8},"end":{"line":304,"column":8}}]},"27":{"line":305,"type":"if","locations":[{"start":{"line":305,"column":8},"end":{"line":305,"column":8}},{"start":{"line":305,"column":8},"end":{"line":305,"column":8}}]}}}}
