TN:
SF:D:\zamadapp\dapp120\fheAstralCompatibility-main\FHEAstralCompatibility-main\contracts\AstralCompatibility.sol
FN:106,onlyOwner
FN:111,hasProfile
FN:116,onlyPauser
FN:121,whenNotPaused
FN:126,constructor
FN:147,addPauser
FN:160,removePauser
FN:180,pause
FN:189,unpause
FN:199,updateKmsGeneration
FN:218,createProfile
FN:255,requestCompatibilityMatch
FN:290,calculateCompatibility
FN:331,revealCompatibilityScore
FN:367,submitDecryptionResponse
FN:391,processScoreReveal
FN:407,isPublicDecryptAllowed
FN:415,isPauser
FN:423,isContractPaused
FN:431,isMatchValid
FN:438,generateMatchId
FN:454,getUserProfileStatus
FN:466,getMatchInfo
FN:490,getUserStats
FN:501,getZodiacInfo
FN:527,updateProfile
FN:554,getPauserCount
FN:561,getPauserAtIndex
FN:569,getDecryptionRequestInfo
FNF:29
FNH:0
FNDA:0,onlyOwner
FNDA:0,hasProfile
FNDA:0,onlyPauser
FNDA:0,whenNotPaused
FNDA:0,constructor
FNDA:0,addPauser
FNDA:0,removePauser
FNDA:0,pause
FNDA:0,unpause
FNDA:0,updateKmsGeneration
FNDA:0,createProfile
FNDA:0,requestCompatibilityMatch
FNDA:0,calculateCompatibility
FNDA:0,revealCompatibilityScore
FNDA:0,submitDecryptionResponse
FNDA:0,processScoreReveal
FNDA:0,isPublicDecryptAllowed
FNDA:0,isPauser
FNDA:0,isContractPaused
FNDA:0,isMatchValid
FNDA:0,generateMatchId
FNDA:0,getUserProfileStatus
FNDA:0,getMatchInfo
FNDA:0,getUserStats
FNDA:0,getZodiacInfo
FNDA:0,updateProfile
FNDA:0,getPauserCount
FNDA:0,getPauserAtIndex
FNDA:0,getDecryptionRequestInfo
DA:107,0
DA:108,0
DA:112,0
DA:113,0
DA:117,0
DA:118,0
DA:122,0
DA:123,0
DA:127,0
DA:128,0
DA:129,0
DA:130,0
DA:131,0
DA:134,0
DA:135,0
DA:136,0
DA:137,0
DA:148,0
DA:149,0
DA:151,0
DA:152,0
DA:153,0
DA:161,0
DA:163,0
DA:166,0
DA:167,0
DA:168,0
DA:169,0
DA:170,0
DA:174,0
DA:181,0
DA:182,0
DA:183,0
DA:190,0
DA:191,0
DA:192,0
DA:200,0
DA:201,0
DA:202,0
DA:219,0
DA:220,0
DA:221,0
DA:222,0
DA:225,0
DA:226,0
DA:227,0
DA:229,0
DA:238,0
DA:239,0
DA:240,0
DA:241,0
DA:242,0
DA:243,0
DA:245,0
DA:257,0
DA:259,0
DA:260,0
DA:263,0
DA:265,0
DA:274,0
DA:275,0
DA:276,0
DA:279,0
DA:280,0
DA:281,0
DA:283,0
DA:294,0
DA:295,0
DA:298,0
DA:301,0
DA:302,0
DA:305,0
DA:306,0
DA:309,0
DA:310,0
DA:313,0
DA:314,0
DA:315,0
DA:318,0
DA:319,0
DA:320,0
DA:322,0
DA:332,0
DA:333,0
DA:334,0
DA:335,0
DA:338,0
DA:340,0
DA:350,0
DA:352,0
DA:360,0
DA:372,0
DA:374,0
DA:392,0
DA:393,0
DA:394,0
DA:396,0
DA:398,0
DA:408,0
DA:416,0
DA:424,0
DA:432,0
DA:444,0
DA:445,0
DA:447,0
DA:459,0
DA:460,0
DA:477,0
DA:478,0
DA:495,0
DA:506,0
DA:508,0
DA:514,0
DA:515,0
DA:517,0
DA:528,0
DA:529,0
DA:530,0
DA:532,0
DA:535,0
DA:536,0
DA:537,0
DA:538,0
DA:541,0
DA:542,0
DA:543,0
DA:544,0
DA:545,0
DA:546,0
DA:555,0
DA:562,0
DA:563,0
DA:576,0
DA:577,0
LF:134
LH:0
BRDA:107,1,0,0
BRDA:107,1,1,0
BRDA:112,2,0,0
BRDA:112,2,1,0
BRDA:117,3,0,0
BRDA:117,3,1,0
BRDA:122,4,0,0
BRDA:122,4,1,0
BRDA:147,5,0,0
BRDA:147,5,1,0
BRDA:148,6,0,0
BRDA:148,6,1,0
BRDA:149,7,0,0
BRDA:149,7,1,0
BRDA:160,8,0,0
BRDA:160,8,1,0
BRDA:161,9,0,0
BRDA:161,9,1,0
BRDA:167,10,0,0
BRDA:167,10,1,0
BRDA:180,11,0,0
BRDA:180,11,1,0
BRDA:181,12,0,0
BRDA:181,12,1,0
BRDA:189,13,0,0
BRDA:189,13,1,0
BRDA:190,14,0,0
BRDA:190,14,1,0
BRDA:199,15,0,0
BRDA:199,15,1,0
BRDA:218,16,0,0
BRDA:218,16,1,0
BRDA:219,17,0,0
BRDA:219,17,1,0
BRDA:220,18,0,0
BRDA:220,18,1,0
BRDA:221,19,0,0
BRDA:221,19,1,0
BRDA:222,20,0,0
BRDA:222,20,1,0
BRDA:253,21,0,0
BRDA:253,21,1,0
BRDA:254,22,0,0
BRDA:254,22,1,0
BRDA:255,23,0,0
BRDA:255,23,1,0
BRDA:257,24,0,0
BRDA:257,24,1,0
BRDA:260,25,0,0
BRDA:260,25,1,0
BRDA:331,26,0,0
BRDA:331,26,1,0
BRDA:333,27,0,0
BRDA:333,27,1,0
BRDA:334,28,0,0
BRDA:334,28,1,0
BRDA:334,29,0,0
BRDA:334,29,1,0
BRDA:335,30,0,0
BRDA:335,30,1,0
BRDA:372,31,0,0
BRDA:372,31,1,0
BRDA:391,32,0,0
BRDA:391,32,1,0
BRDA:393,33,0,0
BRDA:393,33,1,0
BRDA:394,34,0,0
BRDA:394,34,1,0
BRDA:444,35,0,0
BRDA:444,35,1,0
BRDA:506,36,0,0
BRDA:506,36,1,0
BRDA:527,37,0,0
BRDA:527,37,1,0
BRDA:527,38,0,0
BRDA:527,38,1,0
BRDA:528,39,0,0
BRDA:528,39,1,0
BRDA:529,40,0,0
BRDA:529,40,1,0
BRDA:530,41,0,0
BRDA:530,41,1,0
BRDA:562,42,0,0
BRDA:562,42,1,0
BRF:84
BRH:0
end_of_record
TN:
SF:D:\zamadapp\dapp120\fheAstralCompatibility-main\FHEAstralCompatibility-main\contracts\AstralCompatibilityMock.sol
FN:55,onlyOwner
FN:60,hasProfile
FN:65,constructor
FN:76,createProfile
FN:103,requestCompatibilityMatch
FN:133,calculateCompatibility
FN:179,revealCompatibilityScore
FN:200,processScoreReveal
FN:213,generateMatchId
FN:229,getUserProfileStatus
FN:241,getMatchInfo
FN:265,getUserStats
FN:276,getZodiacInfo
FN:302,updateProfile
FNF:14
FNH:9
FNDA:0,onlyOwner
FNDA:57,hasProfile
FNDA:36,constructor
FNDA:72,createProfile
FNDA:25,requestCompatibilityMatch
FNDA:24,calculateCompatibility
FNDA:2,revealCompatibilityScore
FNDA:0,processScoreReveal
FNDA:24,generateMatchId
FNDA:1,getUserProfileStatus
FNDA:0,getMatchInfo
FNDA:0,getUserStats
FNDA:1,getZodiacInfo
FNDA:0,updateProfile
DA:56,0
DA:57,0
DA:61,57
DA:62,53
DA:66,36
DA:67,36
DA:81,72
DA:82,71
DA:83,70
DA:84,69
DA:86,68
DA:94,68
DA:105,25
DA:107,24
DA:108,24
DA:111,24
DA:113,24
DA:122,24
DA:123,24
DA:124,24
DA:126,24
DA:138,24
DA:139,24
DA:142,24
DA:145,24
DA:146,16
DA:150,24
DA:151,2
DA:155,24
DA:156,0
DA:160,24
DA:166,24
DA:167,24
DA:170,24
DA:172,24
DA:180,2
DA:181,2
DA:182,1
DA:183,0
DA:186,0
DA:187,0
DA:189,0
DA:201,0
DA:202,0
DA:203,0
DA:205,0
DA:207,0
DA:219,24
DA:220,5
DA:222,19
DA:234,1
DA:235,1
DA:252,0
DA:253,0
DA:270,0
DA:281,1
DA:283,1
DA:289,1
DA:290,1
DA:292,1
DA:303,0
DA:304,0
DA:305,0
DA:307,0
DA:310,0
DA:311,0
DA:312,0
DA:313,0
LF:68
LH:45
BRDA:56,1,0,0
BRDA:56,1,1,0
BRDA:61,2,0,53
BRDA:61,2,1,4
BRDA:81,3,0,71
BRDA:81,3,1,1
BRDA:82,4,0,70
BRDA:82,4,1,1
BRDA:83,5,0,69
BRDA:83,5,1,1
BRDA:84,6,0,68
BRDA:84,6,1,1
BRDA:102,7,0,28
BRDA:102,7,1,1
BRDA:103,8,0,25
BRDA:103,8,1,3
BRDA:105,9,0,24
BRDA:105,9,1,1
BRDA:108,10,0,24
BRDA:108,10,1,0
BRDA:145,11,0,16
BRDA:145,11,1,8
BRDA:150,12,0,2
BRDA:150,12,1,22
BRDA:155,13,0,0
BRDA:155,13,1,24
BRDA:170,14,0,0
BRDA:170,14,1,24
BRDA:181,15,0,1
BRDA:181,15,1,1
BRDA:182,16,0,0
BRDA:182,16,1,1
BRDA:182,17,0,0
BRDA:182,17,1,0
BRDA:183,18,0,0
BRDA:183,18,1,0
BRDA:200,19,0,0
BRDA:200,19,1,0
BRDA:202,20,0,0
BRDA:202,20,1,0
BRDA:203,21,0,0
BRDA:203,21,1,0
BRDA:219,22,0,5
BRDA:219,22,1,19
BRDA:281,23,0,1
BRDA:281,23,1,0
BRDA:302,24,0,0
BRDA:302,24,1,0
BRDA:303,25,0,0
BRDA:303,25,1,0
BRDA:304,26,0,0
BRDA:304,26,1,0
BRDA:305,27,0,0
BRDA:305,27,1,0
BRF:54
BRH:29
end_of_record
